// 重构日志: ea16a912
// 重构日志: e57374a6
// 重构日志: 95c29734
// 重构日志: 42fa2fdf
// 重构日志: e88d1444
// 重构日志: aff57946
// 同步 ID: 32039420 @ Thu Jul 16 06:24:21 UTC 2026
// 同步 ID: 50e41a56 @ Thu Jul 16 12:56:48 UTC 2026
// 重构日志: 373994a3
// 重构日志: fcacb7c5
// 重构日志: d832d882
// 同步 ID: f178757f @ Fri Jul 17 18:32:59 UTC 2026
// 同步 ID: 91494de6 @ Fri Jul 17 20:57:40 UTC 2026
// 同步 ID: 599faf65 @ Sat Jul 18 02:13:49 UTC 2026
// 重构日志: 67a0b40c
// 重构日志: 6823bbe0
// 重构日志: f8c0bd55
// 重构日志: c4a369c0
// 同步 ID: 93192475 @ Mon Jul 20 12:29:42 UTC 2026
// 重构日志: 81b846cd
// 重构日志: 93241892
// 同步 ID: 377ba7c4 @ Tue Jul 21 03:48:53 UTC 2026
// 重构日志: 623e220b
// 同步 ID: 689ef680 @ Tue Jul 21 08:14:01 UTC 2026
// 同步 ID: 1102e65d @ Tue Jul 21 11:56:34 UTC 2026
// 重构日志: e4931cdd
// 重构日志: f2b22d8e
// 重构日志: 7ec6ad8b
// 同步 ID: 20f2e928 @ Wed Jul 22 13:33:46 UTC 2026
// 同步 ID: 0322bac5 @ Thu Jul 23 12:44:10 UTC 2026
